<?xml version="1.0" encoding="UTF-8"?>
<some-random-root-element>
  <parameters>
    <parameter name="x">
      <value system="prod">value for prod</value>
      <value system="acc" level="currentx current">value for acc </value>
    </parameter>
    
    <group name="groupie">
      <parameter name="inthegroup">
        <value>Yeah ${x} - {$x}</value>
      </parameter>
    </group>
    
    <parameter name="noexpand">
      <value>Do not expand this ${{x} and {{$x}. Instead make the double {{-s into single ones.</value>
    </parameter>
    
    <parameter name="combine">
      <value>Parameter declared twice must be combined</value>
    </parameter> 
    <parameter name="combine">
      <value>Another combined value</value>
    </parameter>
    
  </parameters>
  
</some-random-root-element>
